<?xml version="1.0" encoding="UTF-8"?>
<!-- Generated by org.testng.reporters.JUnitReportReporter -->
<testsuite skipped="0" hostname="DESKTOP-79TRFAI" name="com.electonicstore.tests.RegistrationTest" tests="6" failures="0" timestamp="2021-04-22T17:51:51 PDT" time="79.565" errors="0">
  <testcase name="RegistrationEmptyFirstName" time="18.366" classname="com.electonicstore.tests.RegistrationTest"/>
  <system-out/>
  <testcase name="RegistrationEmptyLastName" time="12.167" classname="com.electonicstore.tests.RegistrationTest"/>
  <system-out/>
  <testcase name="RegistrationEmptyEmail" time="12.308" classname="com.electonicstore.tests.RegistrationTest"/>
  <system-out/>
  <testcase name="RegistrationEmptyTelephone" time="11.982" classname="com.electonicstore.tests.RegistrationTest"/>
  <system-out/>
  <testcase name="RegistrationEmptyPassword" time="12.092" classname="com.electonicstore.tests.RegistrationTest"/>
  <system-out/>
  <testcase name="RegistrationTest" time="12.650" classname="com.electonicstore.tests.RegistrationTest"/>
  <system-out/>
</testsuite> <!-- com.electonicstore.tests.RegistrationTest -->
